Configuration file: /workspaces/repos/deepmtch.github.io/_config.yml
            Source: /workspaces/repos/deepmtch.github.io
       Destination: /workspaces/repos/deepmtch.github.io/_site
 Incremental build: disabled. Enable with --incremental
      Generating... 
                    done in 0.43 seconds.
 Auto-regeneration: enabled for '/workspaces/repos/deepmtch.github.io'
[31m                    ------------------------------------------------[0m
[31m      Jekyll 4.3.3   Please append `--trace` to the `serve` command [0m
[31m                     for any additional information or backtrace. [0m
[31m                    ------------------------------------------------[0m
/usr/lib/ruby/2.7.0/socket.rb:201:in `bind': Address already in use - bind(2) for 127.0.0.1:4000 (Errno::EADDRINUSE)
	from /usr/lib/ruby/2.7.0/socket.rb:201:in `listen'
	from /usr/lib/ruby/2.7.0/socket.rb:765:in `block in tcp_server_sockets'
	from /usr/lib/ruby/2.7.0/socket.rb:227:in `each'
	from /usr/lib/ruby/2.7.0/socket.rb:227:in `foreach'
	from /usr/lib/ruby/2.7.0/socket.rb:763:in `tcp_server_sockets'
	from /var/lib/gems/2.7.0/gems/webrick-1.8.1/lib/webrick/utils.rb:60:in `create_listeners'
	from /var/lib/gems/2.7.0/gems/webrick-1.8.1/lib/webrick/server.rb:130:in `listen'
	from /var/lib/gems/2.7.0/gems/webrick-1.8.1/lib/webrick/server.rb:111:in `initialize'
	from /var/lib/gems/2.7.0/gems/webrick-1.8.1/lib/webrick/httpserver.rb:47:in `initialize'
	from /var/lib/gems/2.7.0/gems/jekyll-4.3.3/lib/jekyll/commands/serve.rb:218:in `new'
	from /var/lib/gems/2.7.0/gems/jekyll-4.3.3/lib/jekyll/commands/serve.rb:218:in `start_up_webrick'
	from /var/lib/gems/2.7.0/gems/jekyll-4.3.3/lib/jekyll/commands/serve.rb:102:in `process'
	from /var/lib/gems/2.7.0/gems/jekyll-4.3.3/lib/jekyll/command.rb:91:in `block in process_with_graceful_fail'
	from /var/lib/gems/2.7.0/gems/jekyll-4.3.3/lib/jekyll/command.rb:91:in `each'
	from /var/lib/gems/2.7.0/gems/jekyll-4.3.3/lib/jekyll/command.rb:91:in `process_with_graceful_fail'
	from /var/lib/gems/2.7.0/gems/jekyll-4.3.3/lib/jekyll/commands/serve.rb:86:in `block (2 levels) in init_with_program'
	from /var/lib/gems/2.7.0/gems/mercenary-0.4.0/lib/mercenary/command.rb:221:in `block in execute'
	from /var/lib/gems/2.7.0/gems/mercenary-0.4.0/lib/mercenary/command.rb:221:in `each'
	from /var/lib/gems/2.7.0/gems/mercenary-0.4.0/lib/mercenary/command.rb:221:in `execute'
	from /var/lib/gems/2.7.0/gems/mercenary-0.4.0/lib/mercenary/program.rb:44:in `go'
	from /var/lib/gems/2.7.0/gems/mercenary-0.4.0/lib/mercenary.rb:21:in `program'
	from /var/lib/gems/2.7.0/gems/jekyll-4.3.3/exe/jekyll:15:in `<top (required)>'
	from /usr/local/bin/jekyll:23:in `load'
	from /usr/local/bin/jekyll:23:in `<top (required)>'
	from /var/lib/gems/2.7.0/gems/bundler-2.4.22/lib/bundler/cli/exec.rb:58:in `load'
	from /var/lib/gems/2.7.0/gems/bundler-2.4.22/lib/bundler/cli/exec.rb:58:in `kernel_load'
	from /var/lib/gems/2.7.0/gems/bundler-2.4.22/lib/bundler/cli/exec.rb:23:in `run'
	from /var/lib/gems/2.7.0/gems/bundler-2.4.22/lib/bundler/cli.rb:492:in `exec'
	from /var/lib/gems/2.7.0/gems/bundler-2.4.22/lib/bundler/vendor/thor/lib/thor/command.rb:28:in `run'
	from /var/lib/gems/2.7.0/gems/bundler-2.4.22/lib/bundler/vendor/thor/lib/thor/invocation.rb:127:in `invoke_command'
	from /var/lib/gems/2.7.0/gems/bundler-2.4.22/lib/bundler/vendor/thor/lib/thor.rb:527:in `dispatch'
	from /var/lib/gems/2.7.0/gems/bundler-2.4.22/lib/bundler/cli.rb:34:in `dispatch'
	from /var/lib/gems/2.7.0/gems/bundler-2.4.22/lib/bundler/vendor/thor/lib/thor/base.rb:584:in `start'
	from /var/lib/gems/2.7.0/gems/bundler-2.4.22/lib/bundler/cli.rb:28:in `start'
	from /var/lib/gems/2.7.0/gems/bundler-2.4.22/exe/bundle:37:in `block in <top (required)>'
	from /var/lib/gems/2.7.0/gems/bundler-2.4.22/lib/bundler/friendly_errors.rb:117:in `with_friendly_errors'
	from /var/lib/gems/2.7.0/gems/bundler-2.4.22/exe/bundle:29:in `<top (required)>'
	from /usr/local/bin/bundle:23:in `load'
	from /usr/local/bin/bundle:23:in `<main>'
